2023-05-30T09:19:50+00:00 CRITICAL Uncaught TypeError: array_push(): Argument #1 ($array) must be of type array, int given in E:\xampp\htdocs\rose_and_rabbit\wp-content\plugins\add-to-cart-item-sidebar\inc\sidebar-frontend.php:393
Stack trace:
#0 E:\xampp\htdocs\rose_and_rabbit\wp-content\plugins\add-to-cart-item-sidebar\inc\sidebar-frontend.php(393): array_push(1, Array)
#1 E:\xampp\htdocs\rose_and_rabbit\wp-includes\class-wp-hook.php(308): mcsfw_add_to_cart_popup('')
#2 E:\xampp\htdocs\rose_and_rabbit\wp-includes\class-wp-hook.php(332): WP_Hook->apply_filters(NULL, Array)
#3 E:\xampp\htdocs\rose_and_rabbit\wp-includes\plugin.php(517): WP_Hook->do_action(Array)
#4 E:\xampp\htdocs\rose_and_rabbit\wp-includes\general-template.php(3065): do_action('wp_footer')
#5 E:\xampp\htdocs\rose_and_rabbit\wp-content\themes\rose-rabbit\footer.php(144): wp_footer()
#6 E:\xampp\htdocs\rose_and_rabbit\wp-includes\template.php(783): require_once('E:\\xampp\\htdocs...')
#7 E:\xampp\htdocs\rose_and_rabbit\wp-includes\template.php(718): load_template('E:\\xampp\\htdocs...', true, Array)
#8 E:\xampp\htdocs\rose_and_rabbit\wp-includes\general-template.php(92): locate_template(Array, true, true, Array)
#9 E:\xampp\htdocs\rose_and_rabbit\wp-content\themes\rose-rabbit\custom-templates\home.php(426): get_footer()
#10 E:\xampp\htdocs\rose_and_rabbit\wp-includes\template-loader.php(106): include('E:\\xampp\\htdocs...')
#11 E:\xampp\htdocs\rose_and_rabbit\wp-blog-header.php(19): require_once('E:\\xampp\\htdocs...')
#12 E:\xampp\htdocs\rose_and_rabbit\index.php(17): require('E:\\xampp\\htdocs...')
#13 {main}
  thrown in E:\xampp\htdocs\rose_and_rabbit\wp-content\plugins\add-to-cart-item-sidebar\inc\sidebar-frontend.php on line 393

2023-05-30T09:20:30+00:00 CRITICAL Uncaught TypeError: array_push(): Argument #1 ($array) must be of type array, int given in E:\xampp\htdocs\rose_and_rabbit\wp-content\plugins\add-to-cart-item-sidebar\inc\sidebar-frontend.php:359
Stack trace:
#0 E:\xampp\htdocs\rose_and_rabbit\wp-content\plugins\add-to-cart-item-sidebar\inc\sidebar-frontend.php(359): array_push(1, Array)
#1 E:\xampp\htdocs\rose_and_rabbit\wp-includes\class-wp-hook.php(308): mcsfw_add_to_cart_popup('')
#2 E:\xampp\htdocs\rose_and_rabbit\wp-includes\class-wp-hook.php(332): WP_Hook->apply_filters(NULL, Array)
#3 E:\xampp\htdocs\rose_and_rabbit\wp-includes\plugin.php(517): WP_Hook->do_action(Array)
#4 E:\xampp\htdocs\rose_and_rabbit\wp-includes\general-template.php(3065): do_action('wp_footer')
#5 E:\xampp\htdocs\rose_and_rabbit\wp-content\themes\rose-rabbit\footer.php(144): wp_footer()
#6 E:\xampp\htdocs\rose_and_rabbit\wp-includes\template.php(783): require_once('E:\\xampp\\htdocs...')
#7 E:\xampp\htdocs\rose_and_rabbit\wp-includes\template.php(718): load_template('E:\\xampp\\htdocs...', true, Array)
#8 E:\xampp\htdocs\rose_and_rabbit\wp-includes\general-template.php(92): locate_template(Array, true, true, Array)
#9 E:\xampp\htdocs\rose_and_rabbit\wp-content\themes\rose-rabbit\custom-templates\home.php(426): get_footer()
#10 E:\xampp\htdocs\rose_and_rabbit\wp-includes\template-loader.php(106): include('E:\\xampp\\htdocs...')
#11 E:\xampp\htdocs\rose_and_rabbit\wp-blog-header.php(19): require_once('E:\\xampp\\htdocs...')
#12 E:\xampp\htdocs\rose_and_rabbit\index.php(17): require('E:\\xampp\\htdocs...')
#13 {main}
  thrown in E:\xampp\htdocs\rose_and_rabbit\wp-content\plugins\add-to-cart-item-sidebar\inc\sidebar-frontend.php on line 359

2023-05-30T09:20:46+00:00 CRITICAL Uncaught TypeError: array_push(): Argument #1 ($array) must be of type array, int given in E:\xampp\htdocs\rose_and_rabbit\wp-content\plugins\add-to-cart-item-sidebar\inc\sidebar-frontend.php:359
Stack trace:
#0 E:\xampp\htdocs\rose_and_rabbit\wp-content\plugins\add-to-cart-item-sidebar\inc\sidebar-frontend.php(359): array_push(1, Array)
#1 E:\xampp\htdocs\rose_and_rabbit\wp-includes\class-wp-hook.php(308): mcsfw_add_to_cart_popup('')
#2 E:\xampp\htdocs\rose_and_rabbit\wp-includes\class-wp-hook.php(332): WP_Hook->apply_filters(NULL, Array)
#3 E:\xampp\htdocs\rose_and_rabbit\wp-includes\plugin.php(517): WP_Hook->do_action(Array)
#4 E:\xampp\htdocs\rose_and_rabbit\wp-includes\general-template.php(3065): do_action('wp_footer')
#5 E:\xampp\htdocs\rose_and_rabbit\wp-content\themes\rose-rabbit\footer.php(144): wp_footer()
#6 E:\xampp\htdocs\rose_and_rabbit\wp-includes\template.php(783): require_once('E:\\xampp\\htdocs...')
#7 E:\xampp\htdocs\rose_and_rabbit\wp-includes\template.php(718): load_template('E:\\xampp\\htdocs...', true, Array)
#8 E:\xampp\htdocs\rose_and_rabbit\wp-includes\general-template.php(92): locate_template(Array, true, true, Array)
#9 E:\xampp\htdocs\rose_and_rabbit\wp-content\themes\rose-rabbit\custom-templates\home.php(426): get_footer()
#10 E:\xampp\htdocs\rose_and_rabbit\wp-includes\template-loader.php(106): include('E:\\xampp\\htdocs...')
#11 E:\xampp\htdocs\rose_and_rabbit\wp-blog-header.php(19): require_once('E:\\xampp\\htdocs...')
#12 E:\xampp\htdocs\rose_and_rabbit\index.php(17): require('E:\\xampp\\htdocs...')
#13 {main}
  thrown in E:\xampp\htdocs\rose_and_rabbit\wp-content\plugins\add-to-cart-item-sidebar\inc\sidebar-frontend.php on line 359

2023-05-30T09:21:29+00:00 CRITICAL Uncaught TypeError: array_push(): Argument #1 ($array) must be of type array, int given in E:\xampp\htdocs\rose_and_rabbit\wp-content\plugins\add-to-cart-item-sidebar\inc\sidebar-frontend.php:358
Stack trace:
#0 E:\xampp\htdocs\rose_and_rabbit\wp-content\plugins\add-to-cart-item-sidebar\inc\sidebar-frontend.php(358): array_push(1, Array)
#1 E:\xampp\htdocs\rose_and_rabbit\wp-includes\class-wp-hook.php(308): mcsfw_add_to_cart_popup('')
#2 E:\xampp\htdocs\rose_and_rabbit\wp-includes\class-wp-hook.php(332): WP_Hook->apply_filters(NULL, Array)
#3 E:\xampp\htdocs\rose_and_rabbit\wp-includes\plugin.php(517): WP_Hook->do_action(Array)
#4 E:\xampp\htdocs\rose_and_rabbit\wp-includes\general-template.php(3065): do_action('wp_footer')
#5 E:\xampp\htdocs\rose_and_rabbit\wp-content\themes\rose-rabbit\footer.php(144): wp_footer()
#6 E:\xampp\htdocs\rose_and_rabbit\wp-includes\template.php(783): require_once('E:\\xampp\\htdocs...')
#7 E:\xampp\htdocs\rose_and_rabbit\wp-includes\template.php(718): load_template('E:\\xampp\\htdocs...', true, Array)
#8 E:\xampp\htdocs\rose_and_rabbit\wp-includes\general-template.php(92): locate_template(Array, true, true, Array)
#9 E:\xampp\htdocs\rose_and_rabbit\wp-content\themes\rose-rabbit\custom-templates\home.php(426): get_footer()
#10 E:\xampp\htdocs\rose_and_rabbit\wp-includes\template-loader.php(106): include('E:\\xampp\\htdocs...')
#11 E:\xampp\htdocs\rose_and_rabbit\wp-blog-header.php(19): require_once('E:\\xampp\\htdocs...')
#12 E:\xampp\htdocs\rose_and_rabbit\index.php(17): require('E:\\xampp\\htdocs...')
#13 {main}
  thrown in E:\xampp\htdocs\rose_and_rabbit\wp-content\plugins\add-to-cart-item-sidebar\inc\sidebar-frontend.php on line 358

2023-05-30T09:21:44+00:00 CRITICAL Uncaught TypeError: array_push(): Argument #1 ($array) must be of type array, int given in E:\xampp\htdocs\rose_and_rabbit\wp-content\plugins\add-to-cart-item-sidebar\inc\sidebar-frontend.php:358
Stack trace:
#0 E:\xampp\htdocs\rose_and_rabbit\wp-content\plugins\add-to-cart-item-sidebar\inc\sidebar-frontend.php(358): array_push(1, Array)
#1 E:\xampp\htdocs\rose_and_rabbit\wp-includes\class-wp-hook.php(308): mcsfw_add_to_cart_popup('')
#2 E:\xampp\htdocs\rose_and_rabbit\wp-includes\class-wp-hook.php(332): WP_Hook->apply_filters(NULL, Array)
#3 E:\xampp\htdocs\rose_and_rabbit\wp-includes\plugin.php(517): WP_Hook->do_action(Array)
#4 E:\xampp\htdocs\rose_and_rabbit\wp-includes\general-template.php(3065): do_action('wp_footer')
#5 E:\xampp\htdocs\rose_and_rabbit\wp-content\themes\rose-rabbit\footer.php(144): wp_footer()
#6 E:\xampp\htdocs\rose_and_rabbit\wp-includes\template.php(783): require_once('E:\\xampp\\htdocs...')
#7 E:\xampp\htdocs\rose_and_rabbit\wp-includes\template.php(718): load_template('E:\\xampp\\htdocs...', true, Array)
#8 E:\xampp\htdocs\rose_and_rabbit\wp-includes\general-template.php(92): locate_template(Array, true, true, Array)
#9 E:\xampp\htdocs\rose_and_rabbit\wp-content\themes\rose-rabbit\single.php(40): get_footer()
#10 E:\xampp\htdocs\rose_and_rabbit\wp-includes\template-loader.php(106): include('E:\\xampp\\htdocs...')
#11 E:\xampp\htdocs\rose_and_rabbit\wp-blog-header.php(19): require_once('E:\\xampp\\htdocs...')
#12 E:\xampp\htdocs\rose_and_rabbit\index.php(17): require('E:\\xampp\\htdocs...')
#13 {main}
  thrown in E:\xampp\htdocs\rose_and_rabbit\wp-content\plugins\add-to-cart-item-sidebar\inc\sidebar-frontend.php on line 358

2023-05-30T09:21:53+00:00 CRITICAL Uncaught TypeError: array_push(): Argument #1 ($array) must be of type array, int given in E:\xampp\htdocs\rose_and_rabbit\wp-content\plugins\add-to-cart-item-sidebar\inc\sidebar-frontend.php:358
Stack trace:
#0 E:\xampp\htdocs\rose_and_rabbit\wp-content\plugins\add-to-cart-item-sidebar\inc\sidebar-frontend.php(358): array_push(1, Array)
#1 E:\xampp\htdocs\rose_and_rabbit\wp-includes\class-wp-hook.php(308): mcsfw_add_to_cart_popup('')
#2 E:\xampp\htdocs\rose_and_rabbit\wp-includes\class-wp-hook.php(332): WP_Hook->apply_filters(NULL, Array)
#3 E:\xampp\htdocs\rose_and_rabbit\wp-includes\plugin.php(517): WP_Hook->do_action(Array)
#4 E:\xampp\htdocs\rose_and_rabbit\wp-includes\general-template.php(3065): do_action('wp_footer')
#5 E:\xampp\htdocs\rose_and_rabbit\wp-content\themes\rose-rabbit\footer.php(144): wp_footer()
#6 E:\xampp\htdocs\rose_and_rabbit\wp-includes\template.php(783): require_once('E:\\xampp\\htdocs...')
#7 E:\xampp\htdocs\rose_and_rabbit\wp-includes\template.php(718): load_template('E:\\xampp\\htdocs...', true, Array)
#8 E:\xampp\htdocs\rose_and_rabbit\wp-includes\general-template.php(92): locate_template(Array, true, true, Array)
#9 E:\xampp\htdocs\rose_and_rabbit\wp-content\themes\rose-rabbit\single.php(40): get_footer()
#10 E:\xampp\htdocs\rose_and_rabbit\wp-includes\template-loader.php(106): include('E:\\xampp\\htdocs...')
#11 E:\xampp\htdocs\rose_and_rabbit\wp-blog-header.php(19): require_once('E:\\xampp\\htdocs...')
#12 E:\xampp\htdocs\rose_and_rabbit\index.php(17): require('E:\\xampp\\htdocs...')
#13 {main}
  thrown in E:\xampp\htdocs\rose_and_rabbit\wp-content\plugins\add-to-cart-item-sidebar\inc\sidebar-frontend.php on line 358

2023-05-30T09:21:58+00:00 CRITICAL Uncaught TypeError: array_push(): Argument #1 ($array) must be of type array, int given in E:\xampp\htdocs\rose_and_rabbit\wp-content\plugins\add-to-cart-item-sidebar\inc\sidebar-frontend.php:358
Stack trace:
#0 E:\xampp\htdocs\rose_and_rabbit\wp-content\plugins\add-to-cart-item-sidebar\inc\sidebar-frontend.php(358): array_push(1, Array)
#1 E:\xampp\htdocs\rose_and_rabbit\wp-includes\class-wp-hook.php(308): mcsfw_add_to_cart_popup('')
#2 E:\xampp\htdocs\rose_and_rabbit\wp-includes\class-wp-hook.php(332): WP_Hook->apply_filters(NULL, Array)
#3 E:\xampp\htdocs\rose_and_rabbit\wp-includes\plugin.php(517): WP_Hook->do_action(Array)
#4 E:\xampp\htdocs\rose_and_rabbit\wp-includes\general-template.php(3065): do_action('wp_footer')
#5 E:\xampp\htdocs\rose_and_rabbit\wp-content\themes\rose-rabbit\footer.php(144): wp_footer()
#6 E:\xampp\htdocs\rose_and_rabbit\wp-includes\template.php(783): require_once('E:\\xampp\\htdocs...')
#7 E:\xampp\htdocs\rose_and_rabbit\wp-includes\template.php(718): load_template('E:\\xampp\\htdocs...', true, Array)
#8 E:\xampp\htdocs\rose_and_rabbit\wp-includes\general-template.php(92): locate_template(Array, true, true, Array)
#9 E:\xampp\htdocs\rose_and_rabbit\wp-content\themes\rose-rabbit\custom-templates\home.php(426): get_footer()
#10 E:\xampp\htdocs\rose_and_rabbit\wp-includes\template-loader.php(106): include('E:\\xampp\\htdocs...')
#11 E:\xampp\htdocs\rose_and_rabbit\wp-blog-header.php(19): require_once('E:\\xampp\\htdocs...')
#12 E:\xampp\htdocs\rose_and_rabbit\index.php(17): require('E:\\xampp\\htdocs...')
#13 {main}
  thrown in E:\xampp\htdocs\rose_and_rabbit\wp-content\plugins\add-to-cart-item-sidebar\inc\sidebar-frontend.php on line 358

2023-05-30T10:49:47+00:00 CRITICAL Uncaught Error: Call to a member function get_tax_class() on null in E:\xampp\htdocs\rose_and_rabbit\wp-content\plugins\woocommerce\includes\class-wc-cart-totals.php:225
Stack trace:
#0 E:\xampp\htdocs\rose_and_rabbit\wp-content\plugins\woocommerce\includes\class-wc-cart-totals.php(651): WC_Cart_Totals->get_items_from_cart()
#1 E:\xampp\htdocs\rose_and_rabbit\wp-content\plugins\woocommerce\includes\class-wc-cart-totals.php(143): WC_Cart_Totals->calculate_item_totals()
#2 E:\xampp\htdocs\rose_and_rabbit\wp-content\plugins\woocommerce\includes\class-wc-cart-totals.php(134): WC_Cart_Totals->calculate()
#3 E:\xampp\htdocs\rose_and_rabbit\wp-content\plugins\woocommerce\includes\class-wc-cart.php(1401): WC_Cart_Totals->__construct(Object(WC_Cart))
#4 E:\xampp\htdocs\rose_and_rabbit\wp-content\plugins\woocommerce\includes\class-wc-cart.php(1360): WC_Cart->calculate_totals()
#5 E:\xampp\htdocs\rose_and_rabbit\wp-content\plugins\add-to-cart-item-sidebar\inc\sidebar-frontend.php(1098): WC_Cart->set_quantity('', '1')
#6 E:\xampp\htdocs\rose_and_rabbit\wp-includes\class-wp-hook.php(308): mcsfw_atcpro_qty_val('')
#7 E:\xampp\htdocs\rose_and_rabbit\wp-includes\class-wp-hook.php(332): WP_Hook->apply_filters('', Array)
#8 E:\xampp\htdocs\rose_and_rabbit\wp-includes\plugin.php(517): WP_Hook->do_action(Array)
#9 E:\xampp\htdocs\rose_and_rabbit\wp-admin\admin-ajax.php(203): do_action('wp_ajax_nopriv_...')
#10 {main}
  thrown in E:\xampp\htdocs\rose_and_rabbit\wp-content\plugins\woocommerce\includes\class-wc-cart-totals.php on line 225

2023-05-30T10:52:13+00:00 CRITICAL Uncaught Error: Call to a member function get_tax_class() on null in E:\xampp\htdocs\rose_and_rabbit\wp-content\plugins\woocommerce\includes\class-wc-cart-totals.php:225
Stack trace:
#0 E:\xampp\htdocs\rose_and_rabbit\wp-content\plugins\woocommerce\includes\class-wc-cart-totals.php(651): WC_Cart_Totals->get_items_from_cart()
#1 E:\xampp\htdocs\rose_and_rabbit\wp-content\plugins\woocommerce\includes\class-wc-cart-totals.php(143): WC_Cart_Totals->calculate_item_totals()
#2 E:\xampp\htdocs\rose_and_rabbit\wp-content\plugins\woocommerce\includes\class-wc-cart-totals.php(134): WC_Cart_Totals->calculate()
#3 E:\xampp\htdocs\rose_and_rabbit\wp-content\plugins\woocommerce\includes\class-wc-cart.php(1401): WC_Cart_Totals->__construct(Object(WC_Cart))
#4 E:\xampp\htdocs\rose_and_rabbit\wp-content\plugins\woocommerce\includes\class-wc-cart.php(1360): WC_Cart->calculate_totals()
#5 E:\xampp\htdocs\rose_and_rabbit\wp-content\plugins\add-to-cart-item-sidebar\inc\sidebar-frontend.php(1098): WC_Cart->set_quantity('', '1')
#6 E:\xampp\htdocs\rose_and_rabbit\wp-includes\class-wp-hook.php(308): mcsfw_atcpro_qty_val('')
#7 E:\xampp\htdocs\rose_and_rabbit\wp-includes\class-wp-hook.php(332): WP_Hook->apply_filters('', Array)
#8 E:\xampp\htdocs\rose_and_rabbit\wp-includes\plugin.php(517): WP_Hook->do_action(Array)
#9 E:\xampp\htdocs\rose_and_rabbit\wp-admin\admin-ajax.php(203): do_action('wp_ajax_nopriv_...')
#10 {main}
  thrown in E:\xampp\htdocs\rose_and_rabbit\wp-content\plugins\woocommerce\includes\class-wc-cart-totals.php on line 225

2023-05-30T12:33:05+00:00 CRITICAL Uncaught TypeError: call_user_func_array(): Argument #1 ($callback) must be a valid callback, function "woo_cart_but_count" not found or invalid function name in E:\xampp\htdocs\rose_and_rabbit\wp-includes\class-wp-hook.php:308
Stack trace:
#0 E:\xampp\htdocs\rose_and_rabbit\wp-includes\plugin.php(205): WP_Hook->apply_filters(Array, Array)
#1 E:\xampp\htdocs\rose_and_rabbit\wp-content\plugins\woocommerce\includes\class-wc-ajax.php(211): apply_filters('woocommerce_add...', Array)
#2 E:\xampp\htdocs\rose_and_rabbit\wp-includes\class-wp-hook.php(308): WC_AJAX::get_refreshed_fragments('')
#3 E:\xampp\htdocs\rose_and_rabbit\wp-includes\class-wp-hook.php(332): WP_Hook->apply_filters('', Array)
#4 E:\xampp\htdocs\rose_and_rabbit\wp-includes\plugin.php(517): WP_Hook->do_action(Array)
#5 E:\xampp\htdocs\rose_and_rabbit\wp-content\plugins\woocommerce\includes\class-wc-ajax.php(96): do_action('wc_ajax_get_ref...')
#6 E:\xampp\htdocs\rose_and_rabbit\wp-includes\class-wp-hook.php(308): WC_AJAX::do_wc_ajax('')
#7 E:\xampp\htdocs\rose_and_rabbit\wp-includes\class-wp-hook.php(332): WP_Hook->apply_filters(false, Array)
#8 E:\xampp\htdocs\rose_and_rabbit\wp-includes\plugin.php(517): WP_Hook->do_action(Array)
#9 E:\xampp\htdocs\rose_and_rabbit\wp-includes\template-loader.php(13): do_action('template_redire...')
#10 E:\xampp\htdocs\rose_and_rabbit\wp-blog-header.php(19): require_once('E:\\xampp\\htdocs...')
#11 E:\xampp\htdocs\rose_and_rabbit\index.php(17): require('E:\\xampp\\htdocs...')
#12 {main}
  thrown in E:\xampp\htdocs\rose_and_rabbit\wp-includes\class-wp-hook.php on line 308

2023-05-30T12:33:16+00:00 CRITICAL Uncaught TypeError: call_user_func_array(): Argument #1 ($callback) must be a valid callback, function "woo_cart_but_count" not found or invalid function name in E:\xampp\htdocs\rose_and_rabbit\wp-includes\class-wp-hook.php:308
Stack trace:
#0 E:\xampp\htdocs\rose_and_rabbit\wp-includes\plugin.php(205): WP_Hook->apply_filters(Array, Array)
#1 E:\xampp\htdocs\rose_and_rabbit\wp-content\plugins\woocommerce\includes\class-wc-ajax.php(211): apply_filters('woocommerce_add...', Array)
#2 E:\xampp\htdocs\rose_and_rabbit\wp-includes\class-wp-hook.php(308): WC_AJAX::get_refreshed_fragments('')
#3 E:\xampp\htdocs\rose_and_rabbit\wp-includes\class-wp-hook.php(332): WP_Hook->apply_filters('', Array)
#4 E:\xampp\htdocs\rose_and_rabbit\wp-includes\plugin.php(517): WP_Hook->do_action(Array)
#5 E:\xampp\htdocs\rose_and_rabbit\wp-content\plugins\woocommerce\includes\class-wc-ajax.php(96): do_action('wc_ajax_get_ref...')
#6 E:\xampp\htdocs\rose_and_rabbit\wp-includes\class-wp-hook.php(308): WC_AJAX::do_wc_ajax('')
#7 E:\xampp\htdocs\rose_and_rabbit\wp-includes\class-wp-hook.php(332): WP_Hook->apply_filters(false, Array)
#8 E:\xampp\htdocs\rose_and_rabbit\wp-includes\plugin.php(517): WP_Hook->do_action(Array)
#9 E:\xampp\htdocs\rose_and_rabbit\wp-includes\template-loader.php(13): do_action('template_redire...')
#10 E:\xampp\htdocs\rose_and_rabbit\wp-blog-header.php(19): require_once('E:\\xampp\\htdocs...')
#11 E:\xampp\htdocs\rose_and_rabbit\index.php(17): require('E:\\xampp\\htdocs...')
#12 {main}
  thrown in E:\xampp\htdocs\rose_and_rabbit\wp-includes\class-wp-hook.php on line 308

