2023-05-31T09:11:09+00:00 CRITICAL Uncaught ArgumentCountError: Too few arguments to function add_options_page(), 1 passed in E:\xampp\htdocs\rose_and_rabbit\wp-content\themes\rose-rabbit\custom-functions.php on line 201 and at least 4 expected in E:\xampp\htdocs\rose_and_rabbit\wp-admin\includes\plugin.php:1537
Stack trace:
#0 E:\xampp\htdocs\rose_and_rabbit\wp-content\themes\rose-rabbit\custom-functions.php(201): add_options_page(Array)
#1 E:\xampp\htdocs\rose_and_rabbit\wp-includes\class-wp-hook.php(308): my_acf_op_init(5)
#2 E:\xampp\htdocs\rose_and_rabbit\wp-includes\class-wp-hook.php(332): WP_Hook->apply_filters(NULL, Array)
#3 E:\xampp\htdocs\rose_and_rabbit\wp-includes\plugin.php(517): WP_Hook->do_action(Array)
#4 E:\xampp\htdocs\rose_and_rabbit\wp-content\plugins\advanced-custom-fields-pro\acf.php(328): do_action('acf/init', 5)
#5 E:\xampp\htdocs\rose_and_rabbit\wp-includes\class-wp-hook.php(308): ACF->init('')
#6 E:\xampp\htdocs\rose_and_rabbit\wp-includes\class-wp-hook.php(332): WP_Hook->apply_filters(NULL, Array)
#7 E:\xampp\htdocs\rose_and_rabbit\wp-includes\plugin.php(517): WP_Hook->do_action(Array)
#8 E:\xampp\htdocs\rose_and_rabbit\wp-settings.php(623): do_action('init')
#9 E:\xampp\htdocs\rose_and_rabbit\wp-config.php(97): require_once('E:\\xampp\\htdocs...')
#10 E:\xampp\htdocs\rose_and_rabbit\wp-load.php(50): require_once('E:\\xampp\\htdocs...')
#11 E:\xampp\htdocs\rose_and_rabbit\wp-admin\admin-ajax.php(22): require_once('E:\\xampp\\htdocs...')
#12 {main}
  thrown in E:\xampp\htdocs\rose_and_rabbit\wp-admin\includes\plugin.php on line 1537

2023-05-31T09:13:14+00:00 CRITICAL Uncaught TypeError: call_user_func_array(): Argument #1 ($callback) must be a valid callback, function "test" not found or invalid function name in E:\xampp\htdocs\rose_and_rabbit\wp-includes\class-wp-hook.php:308
Stack trace:
#0 E:\xampp\htdocs\rose_and_rabbit\wp-includes\class-wp-hook.php(332): WP_Hook->apply_filters('', Array)
#1 E:\xampp\htdocs\rose_and_rabbit\wp-includes\plugin.php(517): WP_Hook->do_action(Array)
#2 E:\xampp\htdocs\rose_and_rabbit\wp-admin\admin.php(259): do_action('admin_page_them...')
#3 {main}
  thrown in E:\xampp\htdocs\rose_and_rabbit\wp-includes\class-wp-hook.php on line 308

