2023-05-26T06:34:54+00:00 CRITICAL Declaration of WalkerNav::start_lvl(&$output, $item, $depth = 0, $args = [], $id = 0) must be compatible with Walker_Nav_Menu::start_lvl(&$output, $depth = 0, $args = null) in E:\xampp\htdocs\rose_and_rabbit\wp-content\themes\rose-rabbit\custom-templates\WalkerNav.php on line 20

2023-05-26T06:40:34+00:00 CRITICAL Uncaught Error: Object of class WP_Post could not be converted to string in E:\xampp\htdocs\rose_and_rabbit\wp-content\themes\rose-rabbit\custom-templates\WalkerNav.php:45
Stack trace:
#0 E:\xampp\htdocs\rose_and_rabbit\wp-content\themes\rose-rabbit\custom-templates\WalkerNav.php(169): WalkerNav->start_el('', Object(WP_Post), 0, Object(stdClass))
#1 E:\xampp\htdocs\rose_and_rabbit\wp-includes\class-wp-walker.php(247): WalkerNav->display_element(Object(WP_Post), Array, 0, 0, Array, '')
#2 E:\xampp\htdocs\rose_and_rabbit\wp-includes\nav-menu-template.php(616): Walker->walk(Array, 0, Object(stdClass))
#3 E:\xampp\htdocs\rose_and_rabbit\wp-includes\nav-menu-template.php(236): walk_nav_menu_tree(Array, 0, Object(stdClass))
#4 E:\xampp\htdocs\rose_and_rabbit\wp-content\themes\rose-rabbit\header.php(400): wp_nav_menu(Object(stdClass))
#5 E:\xampp\htdocs\rose_and_rabbit\wp-includes\template.php(783): require_once('E:\\xampp\\htdocs...')
#6 E:\xampp\htdocs\rose_and_rabbit\wp-includes\template.php(718): load_template('E:\\xampp\\htdocs...', true, Array)
#7 E:\xampp\htdocs\rose_and_rabbit\wp-includes\general-template.php(48): locate_template(Array, true, true, Array)
#8 E:\xampp\htdocs\rose_and_rabbit\wp-content\themes\rose-rabbit\custom-templates\home.php(7): get_header()
#9 E:\xampp\htdocs\rose_and_rabbit\wp-includes\template-loader.php(106): include('E:\\xampp\\htdocs...')
#10 E:\xampp\htdocs\rose_and_rabbit\wp-blog-header.php(19): require_once('E:\\xampp\\htdocs...')
#11 E:\xampp\htdocs\rose_and_rabbit\index.php(17): require('E:\\xampp\\htdocs...')
#12 {main}
  thrown in E:\xampp\htdocs\rose_and_rabbit\wp-content\themes\rose-rabbit\custom-templates\WalkerNav.php on line 45

2023-05-26T10:01:00+00:00 CRITICAL Uncaught Error: Call to undefined function get_the_conten() in E:\xampp\htdocs\rose_and_rabbit\wp-content\themes\rose-rabbit\index.php:24
Stack trace:
#0 E:\xampp\htdocs\rose_and_rabbit\wp-includes\template-loader.php(106): include()
#1 E:\xampp\htdocs\rose_and_rabbit\wp-blog-header.php(19): require_once('E:\\xampp\\htdocs...')
#2 E:\xampp\htdocs\rose_and_rabbit\index.php(17): require('E:\\xampp\\htdocs...')
#3 {main}
  thrown in E:\xampp\htdocs\rose_and_rabbit\wp-content\themes\rose-rabbit\index.php on line 24

